[0.007s] Invoking command in '/home/ayaankushwah/task5-ros2-AyaanKushwah/fleet_ws/build/drone_fleet': CMAKE_PREFIX_PATH=${CMAKE_PREFIX_PATH}:/home/ayaankushwah/ros2_wr/install/my_robot_controller:/opt/ros/jazzy DEBUGINFOD_URLS=https://debuginfod.ubuntu.com /usr/bin/cmake --build /home/ayaankushwah/task5-ros2-AyaanKushwah/fleet_ws/build/drone_fleet -- -j8 -l8
[0.050s] [ 20%] Built target health_monitor
[0.050s] [ 40%] Built target fleet_manager
[0.056s] [ 70%] [32mBuilding CXX object CMakeFiles/drone_node.dir/home/ayaankushwah/task5-ros2-AyaanKushwah/part1/src/autonomous_drone.cpp.o[0m
[0.056s] [ 70%] [32mBuilding CXX object CMakeFiles/drone_node.dir/home/ayaankushwah/task5-ros2-AyaanKushwah/part1/src/vehicle.cpp.o[0m
[0.056s] [ 70%] [32mBuilding CXX object CMakeFiles/drone_node.dir/src/drone_node.cpp.o[0m
[0.057s] [ 80%] [32mBuilding CXX object CMakeFiles/drone_node.dir/home/ayaankushwah/task5-ros2-AyaanKushwah/part1/src/drone.cpp.o[0m
[0.058s] [ 90%] [32mBuilding CXX object CMakeFiles/drone_node.dir/home/ayaankushwah/task5-ros2-AyaanKushwah/part1/src/mission_drone.cpp.o[0m
[3.667s] [100%] [32m[1mLinking CXX executable drone_node[0m
[3.800s] [100%] Built target drone_node
[3.808s] Invoked command in '/home/ayaankushwah/task5-ros2-AyaanKushwah/fleet_ws/build/drone_fleet' returned '0': CMAKE_PREFIX_PATH=${CMAKE_PREFIX_PATH}:/home/ayaankushwah/ros2_wr/install/my_robot_controller:/opt/ros/jazzy DEBUGINFOD_URLS=https://debuginfod.ubuntu.com /usr/bin/cmake --build /home/ayaankushwah/task5-ros2-AyaanKushwah/fleet_ws/build/drone_fleet -- -j8 -l8
[3.814s] Invoking command in '/home/ayaankushwah/task5-ros2-AyaanKushwah/fleet_ws/build/drone_fleet': CMAKE_PREFIX_PATH=${CMAKE_PREFIX_PATH}:/home/ayaankushwah/ros2_wr/install/my_robot_controller:/opt/ros/jazzy DEBUGINFOD_URLS=https://debuginfod.ubuntu.com /usr/bin/cmake --install /home/ayaankushwah/task5-ros2-AyaanKushwah/fleet_ws/build/drone_fleet
[3.819s] -- Install configuration: ""
[3.819s] -- Installing: /home/ayaankushwah/task5-ros2-AyaanKushwah/fleet_ws/install/drone_fleet/lib/drone_fleet/drone_node
[3.820s] -- Set non-toolchain portion of runtime path of "/home/ayaankushwah/task5-ros2-AyaanKushwah/fleet_ws/install/drone_fleet/lib/drone_fleet/drone_node" to ""
[3.820s] -- Up-to-date: /home/ayaankushwah/task5-ros2-AyaanKushwah/fleet_ws/install/drone_fleet/lib/drone_fleet/fleet_manager
[3.820s] -- Up-to-date: /home/ayaankushwah/task5-ros2-AyaanKushwah/fleet_ws/install/drone_fleet/lib/drone_fleet/health_monitor
[3.820s] -- Up-to-date: /home/ayaankushwah/task5-ros2-AyaanKushwah/fleet_ws/install/drone_fleet/share/drone_fleet//launch
[3.820s] -- Up-to-date: /home/ayaankushwah/task5-ros2-AyaanKushwah/fleet_ws/install/drone_fleet/share/drone_fleet//launch/fleet.launch.py
[3.821s] -- Up-to-date: /home/ayaankushwah/task5-ros2-AyaanKushwah/fleet_ws/install/drone_fleet/share/ament_index/resource_index/package_run_dependencies/drone_fleet
[3.821s] -- Up-to-date: /home/ayaankushwah/task5-ros2-AyaanKushwah/fleet_ws/install/drone_fleet/share/ament_index/resource_index/parent_prefix_path/drone_fleet
[3.821s] -- Up-to-date: /home/ayaankushwah/task5-ros2-AyaanKushwah/fleet_ws/install/drone_fleet/share/drone_fleet/environment/ament_prefix_path.sh
[3.821s] -- Up-to-date: /home/ayaankushwah/task5-ros2-AyaanKushwah/fleet_ws/install/drone_fleet/share/drone_fleet/environment/ament_prefix_path.dsv
[3.821s] -- Up-to-date: /home/ayaankushwah/task5-ros2-AyaanKushwah/fleet_ws/install/drone_fleet/share/drone_fleet/environment/path.sh
[3.821s] -- Up-to-date: /home/ayaankushwah/task5-ros2-AyaanKushwah/fleet_ws/install/drone_fleet/share/drone_fleet/environment/path.dsv
[3.821s] -- Up-to-date: /home/ayaankushwah/task5-ros2-AyaanKushwah/fleet_ws/install/drone_fleet/share/drone_fleet/local_setup.bash
[3.821s] -- Up-to-date: /home/ayaankushwah/task5-ros2-AyaanKushwah/fleet_ws/install/drone_fleet/share/drone_fleet/local_setup.sh
[3.821s] -- Up-to-date: /home/ayaankushwah/task5-ros2-AyaanKushwah/fleet_ws/install/drone_fleet/share/drone_fleet/local_setup.zsh
[3.821s] -- Up-to-date: /home/ayaankushwah/task5-ros2-AyaanKushwah/fleet_ws/install/drone_fleet/share/drone_fleet/local_setup.dsv
[3.821s] -- Installing: /home/ayaankushwah/task5-ros2-AyaanKushwah/fleet_ws/install/drone_fleet/share/drone_fleet/package.dsv
[3.822s] -- Up-to-date: /home/ayaankushwah/task5-ros2-AyaanKushwah/fleet_ws/install/drone_fleet/share/ament_index/resource_index/packages/drone_fleet
[3.822s] -- Up-to-date: /home/ayaankushwah/task5-ros2-AyaanKushwah/fleet_ws/install/drone_fleet/share/drone_fleet/cmake/drone_fleetConfig.cmake
[3.822s] -- Up-to-date: /home/ayaankushwah/task5-ros2-AyaanKushwah/fleet_ws/install/drone_fleet/share/drone_fleet/cmake/drone_fleetConfig-version.cmake
[3.822s] -- Up-to-date: /home/ayaankushwah/task5-ros2-AyaanKushwah/fleet_ws/install/drone_fleet/share/drone_fleet/package.xml
[3.823s] Invoked command in '/home/ayaankushwah/task5-ros2-AyaanKushwah/fleet_ws/build/drone_fleet' returned '0': CMAKE_PREFIX_PATH=${CMAKE_PREFIX_PATH}:/home/ayaankushwah/ros2_wr/install/my_robot_controller:/opt/ros/jazzy DEBUGINFOD_URLS=https://debuginfod.ubuntu.com /usr/bin/cmake --install /home/ayaankushwah/task5-ros2-AyaanKushwah/fleet_ws/build/drone_fleet
