[ 50%] Built target fleet_manager
[ 40%] [32mBuilding CXX object CMakeFiles/drone_node.dir/src/drone_node.cpp.o[0m
[ 50%] Built target health_monitor
[ 60%] [32m[1mLinking CXX executable drone_node[0m
[100%] Built target drone_node
-- Install configuration: ""
-- Installing: /home/ayaankushwah/task5-ros2-AyaanKushwah/fleet_ws/install/drone_fleet/lib/drone_fleet/drone_node
-- Set non-toolchain portion of runtime path of "/home/ayaankushwah/task5-ros2-AyaanKushwah/fleet_ws/install/drone_fleet/lib/drone_fleet/drone_node" to ""
-- Up-to-date: /home/ayaankushwah/task5-ros2-AyaanKushwah/fleet_ws/install/drone_fleet/lib/drone_fleet/fleet_manager
-- Up-to-date: /home/ayaankushwah/task5-ros2-AyaanKushwah/fleet_ws/install/drone_fleet/lib/drone_fleet/health_monitor
-- Up-to-date: /home/ayaankushwah/task5-ros2-AyaanKushwah/fleet_ws/install/drone_fleet/share/drone_fleet//launch
-- Up-to-date: /home/ayaankushwah/task5-ros2-AyaanKushwah/fleet_ws/install/drone_fleet/share/drone_fleet//launch/fleet.launch.py
-- Up-to-date: /home/ayaankushwah/task5-ros2-AyaanKushwah/fleet_ws/install/drone_fleet/share/ament_index/resource_index/package_run_dependencies/drone_fleet
-- Up-to-date: /home/ayaankushwah/task5-ros2-AyaanKushwah/fleet_ws/install/drone_fleet/share/ament_index/resource_index/parent_prefix_path/drone_fleet
-- Up-to-date: /home/ayaankushwah/task5-ros2-AyaanKushwah/fleet_ws/install/drone_fleet/share/drone_fleet/environment/ament_prefix_path.sh
-- Up-to-date: /home/ayaankushwah/task5-ros2-AyaanKushwah/fleet_ws/install/drone_fleet/share/drone_fleet/environment/ament_prefix_path.dsv
-- Up-to-date: /home/ayaankushwah/task5-ros2-AyaanKushwah/fleet_ws/install/drone_fleet/share/drone_fleet/environment/path.sh
-- Up-to-date: /home/ayaankushwah/task5-ros2-AyaanKushwah/fleet_ws/install/drone_fleet/share/drone_fleet/environment/path.dsv
-- Up-to-date: /home/ayaankushwah/task5-ros2-AyaanKushwah/fleet_ws/install/drone_fleet/share/drone_fleet/local_setup.bash
-- Up-to-date: /home/ayaankushwah/task5-ros2-AyaanKushwah/fleet_ws/install/drone_fleet/share/drone_fleet/local_setup.sh
-- Up-to-date: /home/ayaankushwah/task5-ros2-AyaanKushwah/fleet_ws/install/drone_fleet/share/drone_fleet/local_setup.zsh
-- Up-to-date: /home/ayaankushwah/task5-ros2-AyaanKushwah/fleet_ws/install/drone_fleet/share/drone_fleet/local_setup.dsv
-- Installing: /home/ayaankushwah/task5-ros2-AyaanKushwah/fleet_ws/install/drone_fleet/share/drone_fleet/package.dsv
-- Up-to-date: /home/ayaankushwah/task5-ros2-AyaanKushwah/fleet_ws/install/drone_fleet/share/ament_index/resource_index/packages/drone_fleet
-- Up-to-date: /home/ayaankushwah/task5-ros2-AyaanKushwah/fleet_ws/install/drone_fleet/share/drone_fleet/cmake/drone_fleetConfig.cmake
-- Up-to-date: /home/ayaankushwah/task5-ros2-AyaanKushwah/fleet_ws/install/drone_fleet/share/drone_fleet/cmake/drone_fleetConfig-version.cmake
-- Up-to-date: /home/ayaankushwah/task5-ros2-AyaanKushwah/fleet_ws/install/drone_fleet/share/drone_fleet/package.xml
