[0.079s] DEBUG:colcon:Command line arguments: ['/usr/bin/colcon', 'build']
[0.079s] DEBUG:colcon:Parsed command line arguments: Namespace(log_base=None, log_level=None, verb_name='build', build_base='build', install_base='install', merge_install=False, symlink_install=False, test_result_base=None, continue_on_error=False, executor='parallel', parallel_workers=8, event_handlers=None, ignore_user_meta=False, metas=['./colcon.meta'], base_paths=['.'], packages_ignore=None, packages_ignore_regex=None, paths=None, packages_up_to=None, packages_up_to_regex=None, packages_above=None, packages_above_and_dependencies=None, packages_above_depth=None, packages_select_by_dep=None, packages_skip_by_dep=None, packages_skip_up_to=None, packages_select_build_failed=False, packages_skip_build_finished=False, packages_select_test_failures=False, packages_skip_test_passed=False, packages_select=None, packages_skip=None, packages_select_regex=None, packages_skip_regex=None, packages_start=None, packages_end=None, allow_overriding=[], cmake_args=None, cmake_target=None, cmake_target_skip_unavailable=False, cmake_clean_cache=False, cmake_clean_first=False, cmake_force_configure=False, ament_cmake_args=None, catkin_cmake_args=None, catkin_skip_building_tests=False, mixin_files=None, mixin=None, verb_parser=<colcon_mixin.mixin.mixin_argument.MixinArgumentDecorator object at 0x74346d779490>, verb_extension=<colcon_core.verb.build.BuildVerb object at 0x74346e246510>, main=<bound method BuildVerb.main of <colcon_core.verb.build.BuildVerb object at 0x74346e246510>>, mixin_verb=('build',))
[0.107s] Level 1:colcon.colcon_core.package_discovery:discover_packages(colcon_meta) check parameters
[0.107s] Level 1:colcon.colcon_core.package_discovery:discover_packages(recursive) check parameters
[0.107s] Level 1:colcon.colcon_core.package_discovery:discover_packages(ignore) check parameters
[0.107s] Level 1:colcon.colcon_core.package_discovery:discover_packages(path) check parameters
[0.107s] Level 1:colcon.colcon_core.package_discovery:discover_packages(colcon_meta) discover
[0.107s] Level 1:colcon.colcon_core.package_discovery:discover_packages(recursive) discover
[0.107s] INFO:colcon.colcon_core.package_discovery:Crawling recursively for packages in '/home/ayaankushwah/task5-ros2-AyaanKushwah/fleet_ws'
[0.107s] Level 1:colcon.colcon_core.package_identification:_identify(.) by extensions ['ignore', 'ignore_ament_install']
[0.107s] Level 1:colcon.colcon_core.package_identification:_identify(.) by extension 'ignore'
[0.107s] Level 1:colcon.colcon_core.package_identification:_identify(.) by extension 'ignore_ament_install'
[0.108s] Level 1:colcon.colcon_core.package_identification:_identify(.) by extensions ['colcon_pkg']
[0.108s] Level 1:colcon.colcon_core.package_identification:_identify(.) by extension 'colcon_pkg'
[0.108s] Level 1:colcon.colcon_core.package_identification:_identify(.) by extensions ['colcon_meta']
[0.108s] Level 1:colcon.colcon_core.package_identification:_identify(.) by extension 'colcon_meta'
[0.108s] Level 1:colcon.colcon_core.package_identification:_identify(.) by extensions ['ros']
[0.108s] Level 1:colcon.colcon_core.package_identification:_identify(.) by extension 'ros'
[0.129s] Level 1:colcon.colcon_core.package_identification:_identify(.) by extensions ['cmake', 'python']
[0.129s] Level 1:colcon.colcon_core.package_identification:_identify(.) by extension 'cmake'
[0.129s] Level 1:colcon.colcon_core.package_identification:_identify(.) by extension 'python'
[0.129s] Level 1:colcon.colcon_core.package_identification:_identify(.) by extensions ['python_setup_py']
[0.129s] Level 1:colcon.colcon_core.package_identification:_identify(.) by extension 'python_setup_py'
[0.129s] Level 1:colcon.colcon_core.package_identification:_identify(build) by extensions ['ignore', 'ignore_ament_install']
[0.129s] Level 1:colcon.colcon_core.package_identification:_identify(build) by extension 'ignore'
[0.129s] Level 1:colcon.colcon_core.package_identification:_identify(build) ignored
[0.129s] Level 1:colcon.colcon_core.package_identification:_identify(install) by extensions ['ignore', 'ignore_ament_install']
[0.129s] Level 1:colcon.colcon_core.package_identification:_identify(install) by extension 'ignore'
[0.129s] Level 1:colcon.colcon_core.package_identification:_identify(install) ignored
[0.130s] Level 1:colcon.colcon_core.package_identification:_identify(log) by extensions ['ignore', 'ignore_ament_install']
[0.130s] Level 1:colcon.colcon_core.package_identification:_identify(log) by extension 'ignore'
[0.130s] Level 1:colcon.colcon_core.package_identification:_identify(log) ignored
[0.130s] Level 1:colcon.colcon_core.package_identification:_identify(src) by extensions ['ignore', 'ignore_ament_install']
[0.130s] Level 1:colcon.colcon_core.package_identification:_identify(src) by extension 'ignore'
[0.130s] Level 1:colcon.colcon_core.package_identification:_identify(src) by extension 'ignore_ament_install'
[0.130s] Level 1:colcon.colcon_core.package_identification:_identify(src) by extensions ['colcon_pkg']
[0.130s] Level 1:colcon.colcon_core.package_identification:_identify(src) by extension 'colcon_pkg'
[0.130s] Level 1:colcon.colcon_core.package_identification:_identify(src) by extensions ['colcon_meta']
[0.130s] Level 1:colcon.colcon_core.package_identification:_identify(src) by extension 'colcon_meta'
[0.130s] Level 1:colcon.colcon_core.package_identification:_identify(src) by extensions ['ros']
[0.130s] Level 1:colcon.colcon_core.package_identification:_identify(src) by extension 'ros'
[0.130s] Level 1:colcon.colcon_core.package_identification:_identify(src) by extensions ['cmake', 'python']
[0.130s] Level 1:colcon.colcon_core.package_identification:_identify(src) by extension 'cmake'
[0.130s] Level 1:colcon.colcon_core.package_identification:_identify(src) by extension 'python'
[0.130s] Level 1:colcon.colcon_core.package_identification:_identify(src) by extensions ['python_setup_py']
[0.130s] Level 1:colcon.colcon_core.package_identification:_identify(src) by extension 'python_setup_py'
[0.130s] Level 1:colcon.colcon_core.package_identification:_identify(src/drone_fleet) by extensions ['ignore', 'ignore_ament_install']
[0.130s] Level 1:colcon.colcon_core.package_identification:_identify(src/drone_fleet) by extension 'ignore'
[0.130s] Level 1:colcon.colcon_core.package_identification:_identify(src/drone_fleet) by extension 'ignore_ament_install'
[0.130s] Level 1:colcon.colcon_core.package_identification:_identify(src/drone_fleet) by extensions ['colcon_pkg']
[0.130s] Level 1:colcon.colcon_core.package_identification:_identify(src/drone_fleet) by extension 'colcon_pkg'
[0.130s] Level 1:colcon.colcon_core.package_identification:_identify(src/drone_fleet) by extensions ['colcon_meta']
[0.130s] Level 1:colcon.colcon_core.package_identification:_identify(src/drone_fleet) by extension 'colcon_meta'
[0.130s] Level 1:colcon.colcon_core.package_identification:_identify(src/drone_fleet) by extensions ['ros']
[0.130s] Level 1:colcon.colcon_core.package_identification:_identify(src/drone_fleet) by extension 'ros'
[0.132s] DEBUG:colcon.colcon_core.package_identification:Package 'src/drone_fleet' with type 'ros.ament_cmake' and name 'drone_fleet'
[0.132s] Level 1:colcon.colcon_core.package_discovery:discover_packages(recursive) using defaults
[0.132s] Level 1:colcon.colcon_core.package_discovery:discover_packages(ignore) discover
[0.132s] Level 1:colcon.colcon_core.package_discovery:discover_packages(ignore) using defaults
[0.132s] Level 1:colcon.colcon_core.package_discovery:discover_packages(path) discover
[0.132s] Level 1:colcon.colcon_core.package_discovery:discover_packages(path) using defaults
[0.145s] Level 1:colcon.colcon_core.package_discovery:discover_packages(prefix_path) check parameters
[0.145s] Level 1:colcon.colcon_core.package_discovery:discover_packages(prefix_path) discover
[0.148s] DEBUG:colcon.colcon_installed_package_information.package_discovery:Found 1 installed packages in /home/ayaankushwah/ros2_wr/install
[0.150s] DEBUG:colcon.colcon_installed_package_information.package_discovery:Found 287 installed packages in /opt/ros/jazzy
[0.152s] Level 1:colcon.colcon_core.package_discovery:discover_packages(prefix_path) using defaults
[0.181s] Level 5:colcon.colcon_core.verb:set package 'drone_fleet' build argument 'cmake_args' from command line to 'None'
[0.181s] Level 5:colcon.colcon_core.verb:set package 'drone_fleet' build argument 'cmake_target' from command line to 'None'
[0.181s] Level 5:colcon.colcon_core.verb:set package 'drone_fleet' build argument 'cmake_target_skip_unavailable' from command line to 'False'
[0.182s] Level 5:colcon.colcon_core.verb:set package 'drone_fleet' build argument 'cmake_clean_cache' from command line to 'False'
[0.182s] Level 5:colcon.colcon_core.verb:set package 'drone_fleet' build argument 'cmake_clean_first' from command line to 'False'
[0.182s] Level 5:colcon.colcon_core.verb:set package 'drone_fleet' build argument 'cmake_force_configure' from command line to 'False'
[0.182s] Level 5:colcon.colcon_core.verb:set package 'drone_fleet' build argument 'ament_cmake_args' from command line to 'None'
[0.182s] Level 5:colcon.colcon_core.verb:set package 'drone_fleet' build argument 'catkin_cmake_args' from command line to 'None'
[0.182s] Level 5:colcon.colcon_core.verb:set package 'drone_fleet' build argument 'catkin_skip_building_tests' from command line to 'False'
[0.182s] DEBUG:colcon.colcon_core.verb:Building package 'drone_fleet' with the following arguments: {'ament_cmake_args': None, 'build_base': '/home/ayaankushwah/task5-ros2-AyaanKushwah/fleet_ws/build/drone_fleet', 'catkin_cmake_args': None, 'catkin_skip_building_tests': False, 'cmake_args': None, 'cmake_clean_cache': False, 'cmake_clean_first': False, 'cmake_force_configure': False, 'cmake_target': None, 'cmake_target_skip_unavailable': False, 'install_base': '/home/ayaankushwah/task5-ros2-AyaanKushwah/fleet_ws/install/drone_fleet', 'merge_install': False, 'path': '/home/ayaankushwah/task5-ros2-AyaanKushwah/fleet_ws/src/drone_fleet', 'symlink_install': False, 'test_result_base': None}
[0.182s] INFO:colcon.colcon_core.executor:Executing jobs using 'parallel' executor
[0.182s] DEBUG:colcon.colcon_parallel_executor.executor.parallel:run_until_complete
[0.183s] INFO:colcon.colcon_ros.task.ament_cmake.build:Building ROS package in '/home/ayaankushwah/task5-ros2-AyaanKushwah/fleet_ws/src/drone_fleet' with build type 'ament_cmake'
[0.183s] INFO:colcon.colcon_cmake.task.cmake.build:Building CMake package in '/home/ayaankushwah/task5-ros2-AyaanKushwah/fleet_ws/src/drone_fleet'
[0.184s] INFO:colcon.colcon_core.plugin_system:Skipping extension 'colcon_core.shell.bat': Not used on non-Windows systems
[0.184s] INFO:colcon.colcon_core.shell:Skip shell extension 'powershell' for command environment: Not usable outside of PowerShell
[0.184s] DEBUG:colcon.colcon_core.shell:Skip shell extension 'dsv' for command environment
[0.190s] DEBUG:colcon.colcon_core.event_handler.log_command:Invoking command in '/home/ayaankushwah/task5-ros2-AyaanKushwah/fleet_ws/build/drone_fleet': CMAKE_PREFIX_PATH=${CMAKE_PREFIX_PATH}:/home/ayaankushwah/ros2_wr/install/my_robot_controller:/opt/ros/jazzy DEBUGINFOD_URLS=https://debuginfod.ubuntu.com /usr/bin/cmake --build /home/ayaankushwah/task5-ros2-AyaanKushwah/fleet_ws/build/drone_fleet -- -j8 -l8
[3.676s] DEBUG:colcon.colcon_core.event_handler.log_command:Invoked command in '/home/ayaankushwah/task5-ros2-AyaanKushwah/fleet_ws/build/drone_fleet' returned '0': CMAKE_PREFIX_PATH=${CMAKE_PREFIX_PATH}:/home/ayaankushwah/ros2_wr/install/my_robot_controller:/opt/ros/jazzy DEBUGINFOD_URLS=https://debuginfod.ubuntu.com /usr/bin/cmake --build /home/ayaankushwah/task5-ros2-AyaanKushwah/fleet_ws/build/drone_fleet -- -j8 -l8
[3.684s] DEBUG:colcon.colcon_core.event_handler.log_command:Invoking command in '/home/ayaankushwah/task5-ros2-AyaanKushwah/fleet_ws/build/drone_fleet': CMAKE_PREFIX_PATH=${CMAKE_PREFIX_PATH}:/home/ayaankushwah/ros2_wr/install/my_robot_controller:/opt/ros/jazzy DEBUGINFOD_URLS=https://debuginfod.ubuntu.com /usr/bin/cmake --install /home/ayaankushwah/task5-ros2-AyaanKushwah/fleet_ws/build/drone_fleet
[3.699s] Level 1:colcon.colcon_core.environment:create_environment_scripts_only(drone_fleet)
[3.699s] DEBUG:colcon.colcon_core.event_handler.log_command:Invoked command in '/home/ayaankushwah/task5-ros2-AyaanKushwah/fleet_ws/build/drone_fleet' returned '0': CMAKE_PREFIX_PATH=${CMAKE_PREFIX_PATH}:/home/ayaankushwah/ros2_wr/install/my_robot_controller:/opt/ros/jazzy DEBUGINFOD_URLS=https://debuginfod.ubuntu.com /usr/bin/cmake --install /home/ayaankushwah/task5-ros2-AyaanKushwah/fleet_ws/build/drone_fleet
[3.701s] Level 1:colcon.colcon_core.environment:checking '/home/ayaankushwah/task5-ros2-AyaanKushwah/fleet_ws/install/drone_fleet' for CMake module files
[3.701s] Level 1:colcon.colcon_core.environment:checking '/home/ayaankushwah/task5-ros2-AyaanKushwah/fleet_ws/install/drone_fleet' for CMake config files
[3.701s] Level 1:colcon.colcon_core.shell:create_environment_hook('drone_fleet', 'cmake_prefix_path')
[3.701s] INFO:colcon.colcon_core.shell:Creating environment hook '/home/ayaankushwah/task5-ros2-AyaanKushwah/fleet_ws/install/drone_fleet/share/drone_fleet/hook/cmake_prefix_path.ps1'
[3.702s] INFO:colcon.colcon_core.shell:Creating environment descriptor '/home/ayaankushwah/task5-ros2-AyaanKushwah/fleet_ws/install/drone_fleet/share/drone_fleet/hook/cmake_prefix_path.dsv'
[3.703s] INFO:colcon.colcon_core.shell:Creating environment hook '/home/ayaankushwah/task5-ros2-AyaanKushwah/fleet_ws/install/drone_fleet/share/drone_fleet/hook/cmake_prefix_path.sh'
[3.703s] Level 1:colcon.colcon_core.environment:checking '/home/ayaankushwah/task5-ros2-AyaanKushwah/fleet_ws/install/drone_fleet/lib'
[3.703s] Level 1:colcon.colcon_core.environment:checking '/home/ayaankushwah/task5-ros2-AyaanKushwah/fleet_ws/install/drone_fleet/bin'
[3.703s] Level 1:colcon.colcon_core.environment:checking '/home/ayaankushwah/task5-ros2-AyaanKushwah/fleet_ws/install/drone_fleet/lib/pkgconfig/drone_fleet.pc'
[3.704s] Level 1:colcon.colcon_core.environment:checking '/home/ayaankushwah/task5-ros2-AyaanKushwah/fleet_ws/install/drone_fleet/lib/python3.12/site-packages'
[3.704s] Level 1:colcon.colcon_core.environment:checking '/home/ayaankushwah/task5-ros2-AyaanKushwah/fleet_ws/install/drone_fleet/bin'
[3.704s] INFO:colcon.colcon_core.shell:Creating package script '/home/ayaankushwah/task5-ros2-AyaanKushwah/fleet_ws/install/drone_fleet/share/drone_fleet/package.ps1'
[3.705s] INFO:colcon.colcon_core.shell:Creating package descriptor '/home/ayaankushwah/task5-ros2-AyaanKushwah/fleet_ws/install/drone_fleet/share/drone_fleet/package.dsv'
[3.705s] INFO:colcon.colcon_core.shell:Creating package script '/home/ayaankushwah/task5-ros2-AyaanKushwah/fleet_ws/install/drone_fleet/share/drone_fleet/package.sh'
[3.706s] INFO:colcon.colcon_core.shell:Creating package script '/home/ayaankushwah/task5-ros2-AyaanKushwah/fleet_ws/install/drone_fleet/share/drone_fleet/package.bash'
[3.706s] INFO:colcon.colcon_core.shell:Creating package script '/home/ayaankushwah/task5-ros2-AyaanKushwah/fleet_ws/install/drone_fleet/share/drone_fleet/package.zsh'
[3.707s] Level 1:colcon.colcon_core.environment:create_file_with_runtime_dependencies(/home/ayaankushwah/task5-ros2-AyaanKushwah/fleet_ws/install/drone_fleet/share/colcon-core/packages/drone_fleet)
[3.707s] Level 1:colcon.colcon_core.environment:create_environment_scripts_only(drone_fleet)
[3.707s] Level 1:colcon.colcon_core.environment:checking '/home/ayaankushwah/task5-ros2-AyaanKushwah/fleet_ws/install/drone_fleet' for CMake module files
[3.707s] Level 1:colcon.colcon_core.environment:checking '/home/ayaankushwah/task5-ros2-AyaanKushwah/fleet_ws/install/drone_fleet' for CMake config files
[3.707s] Level 1:colcon.colcon_core.shell:create_environment_hook('drone_fleet', 'cmake_prefix_path')
[3.708s] INFO:colcon.colcon_core.shell:Creating environment hook '/home/ayaankushwah/task5-ros2-AyaanKushwah/fleet_ws/install/drone_fleet/share/drone_fleet/hook/cmake_prefix_path.ps1'
[3.708s] INFO:colcon.colcon_core.shell:Creating environment descriptor '/home/ayaankushwah/task5-ros2-AyaanKushwah/fleet_ws/install/drone_fleet/share/drone_fleet/hook/cmake_prefix_path.dsv'
[3.708s] INFO:colcon.colcon_core.shell:Creating environment hook '/home/ayaankushwah/task5-ros2-AyaanKushwah/fleet_ws/install/drone_fleet/share/drone_fleet/hook/cmake_prefix_path.sh'
[3.708s] Level 1:colcon.colcon_core.environment:checking '/home/ayaankushwah/task5-ros2-AyaanKushwah/fleet_ws/install/drone_fleet/lib'
[3.708s] Level 1:colcon.colcon_core.environment:checking '/home/ayaankushwah/task5-ros2-AyaanKushwah/fleet_ws/install/drone_fleet/bin'
[3.708s] Level 1:colcon.colcon_core.environment:checking '/home/ayaankushwah/task5-ros2-AyaanKushwah/fleet_ws/install/drone_fleet/lib/pkgconfig/drone_fleet.pc'
[3.709s] Level 1:colcon.colcon_core.environment:checking '/home/ayaankushwah/task5-ros2-AyaanKushwah/fleet_ws/install/drone_fleet/lib/python3.12/site-packages'
[3.709s] Level 1:colcon.colcon_core.environment:checking '/home/ayaankushwah/task5-ros2-AyaanKushwah/fleet_ws/install/drone_fleet/bin'
[3.709s] INFO:colcon.colcon_core.shell:Creating package script '/home/ayaankushwah/task5-ros2-AyaanKushwah/fleet_ws/install/drone_fleet/share/drone_fleet/package.ps1'
[3.709s] INFO:colcon.colcon_core.shell:Creating package descriptor '/home/ayaankushwah/task5-ros2-AyaanKushwah/fleet_ws/install/drone_fleet/share/drone_fleet/package.dsv'
[3.710s] INFO:colcon.colcon_core.shell:Creating package script '/home/ayaankushwah/task5-ros2-AyaanKushwah/fleet_ws/install/drone_fleet/share/drone_fleet/package.sh'
[3.710s] INFO:colcon.colcon_core.shell:Creating package script '/home/ayaankushwah/task5-ros2-AyaanKushwah/fleet_ws/install/drone_fleet/share/drone_fleet/package.bash'
[3.710s] INFO:colcon.colcon_core.shell:Creating package script '/home/ayaankushwah/task5-ros2-AyaanKushwah/fleet_ws/install/drone_fleet/share/drone_fleet/package.zsh'
[3.711s] Level 1:colcon.colcon_core.environment:create_file_with_runtime_dependencies(/home/ayaankushwah/task5-ros2-AyaanKushwah/fleet_ws/install/drone_fleet/share/colcon-core/packages/drone_fleet)
[3.711s] DEBUG:colcon.colcon_parallel_executor.executor.parallel:closing loop
[3.712s] DEBUG:colcon.colcon_parallel_executor.executor.parallel:loop closed
[3.712s] DEBUG:colcon.colcon_parallel_executor.executor.parallel:run_until_complete finished with '0'
[3.712s] DEBUG:colcon.colcon_core.event_reactor:joining thread
[3.716s] INFO:colcon.colcon_core.plugin_system:Skipping extension 'colcon_notification.desktop_notification.terminal_notifier': Not used on non-Darwin systems
[3.716s] INFO:colcon.colcon_core.plugin_system:Skipping extension 'colcon_notification.desktop_notification.win32': Not used on non-Windows systems
[3.716s] INFO:colcon.colcon_notification.desktop_notification:Sending desktop notification using 'notify2'
[3.737s] DEBUG:colcon.colcon_core.event_reactor:joined thread
[3.738s] INFO:colcon.colcon_core.shell:Creating prefix script '/home/ayaankushwah/task5-ros2-AyaanKushwah/fleet_ws/install/local_setup.ps1'
[3.739s] INFO:colcon.colcon_core.shell:Creating prefix util module '/home/ayaankushwah/task5-ros2-AyaanKushwah/fleet_ws/install/_local_setup_util_ps1.py'
[3.740s] INFO:colcon.colcon_core.shell:Creating prefix chain script '/home/ayaankushwah/task5-ros2-AyaanKushwah/fleet_ws/install/setup.ps1'
[3.740s] INFO:colcon.colcon_core.shell:Creating prefix script '/home/ayaankushwah/task5-ros2-AyaanKushwah/fleet_ws/install/local_setup.sh'
[3.741s] INFO:colcon.colcon_core.shell:Creating prefix util module '/home/ayaankushwah/task5-ros2-AyaanKushwah/fleet_ws/install/_local_setup_util_sh.py'
[3.741s] INFO:colcon.colcon_core.shell:Creating prefix chain script '/home/ayaankushwah/task5-ros2-AyaanKushwah/fleet_ws/install/setup.sh'
[3.742s] INFO:colcon.colcon_core.shell:Creating prefix script '/home/ayaankushwah/task5-ros2-AyaanKushwah/fleet_ws/install/local_setup.bash'
[3.742s] INFO:colcon.colcon_core.shell:Creating prefix chain script '/home/ayaankushwah/task5-ros2-AyaanKushwah/fleet_ws/install/setup.bash'
[3.743s] INFO:colcon.colcon_core.shell:Creating prefix script '/home/ayaankushwah/task5-ros2-AyaanKushwah/fleet_ws/install/local_setup.zsh'
[3.743s] INFO:colcon.colcon_core.shell:Creating prefix chain script '/home/ayaankushwah/task5-ros2-AyaanKushwah/fleet_ws/install/setup.zsh'
