-- Found ament_cmake: 2.5.6 (/opt/ros/jazzy/share/ament_cmake/cmake)
-- Found rclcpp: 28.1.18 (/opt/ros/jazzy/share/rclcpp/cmake)
-- Found rosidl_generator_c: 4.6.7 (/opt/ros/jazzy/share/rosidl_generator_c/cmake)
-- Found rosidl_generator_cpp: 4.6.7 (/opt/ros/jazzy/share/rosidl_generator_cpp/cmake)
-- Using all available rosidl_typesupport_c: rosidl_typesupport_fastrtps_c;rosidl_typesupport_introspection_c
-- Using all available rosidl_typesupport_cpp: rosidl_typesupport_fastrtps_cpp;rosidl_typesupport_introspection_cpp
-- Found rmw_implementation_cmake: 7.3.3 (/opt/ros/jazzy/share/rmw_implementation_cmake/cmake)
-- Found rmw_fastrtps_cpp: 8.4.3 (/opt/ros/jazzy/share/rmw_fastrtps_cpp/cmake)
-- Using RMW implementation 'rmw_fastrtps_cpp' as default
-- Found std_msgs: 5.3.7 (/opt/ros/jazzy/share/std_msgs/cmake)
-- Found std_srvs: 5.3.7 (/opt/ros/jazzy/share/std_srvs/cmake)
-- Configuring done (1.2s)
-- Generating done (0.0s)
-- Build files have been written to: /home/ayaankushwah/task5-ros2-AyaanKushwah/fleet_ws/build/drone_fleet
[ 10%] [32mBuilding CXX object CMakeFiles/fleet_manager.dir/src/fleet_manager.cpp.o[0m
[ 40%] [32mBuilding CXX object CMakeFiles/drone_node.dir/home/ayaankushwah/task5-ros2-AyaanKushwah/part1/src/vehicle.cpp.o[0m
[ 40%] [32mBuilding CXX object CMakeFiles/health_monitor.dir/src/health_monitor.cpp.o[0m
[ 40%] [32mBuilding CXX object CMakeFiles/drone_node.dir/home/ayaankushwah/task5-ros2-AyaanKushwah/part1/src/drone.cpp.o[0m
[ 50%] [32mBuilding CXX object CMakeFiles/drone_node.dir/home/ayaankushwah/task5-ros2-AyaanKushwah/part1/src/autonomous_drone.cpp.o[0m
[ 60%] [32mBuilding CXX object CMakeFiles/drone_node.dir/src/drone_node.cpp.o[0m
[ 70%] [32mBuilding CXX object CMakeFiles/drone_node.dir/home/ayaankushwah/task5-ros2-AyaanKushwah/part1/src/mission_drone.cpp.o[0m
[ 80%] [32m[1mLinking CXX executable health_monitor[0m
[ 80%] Built target health_monitor
[ 90%] [32m[1mLinking CXX executable fleet_manager[0m
[ 90%] Built target fleet_manager
